c:\users\trole\onedrive\documents\github\ai_mercant\ai_mercant\ai_mercant\x64\debug\vc143.pdb
c:\users\trole\onedrive\documents\github\ai_mercant\ai_mercant\ai_mercant\x64\debug\vc143.idb
c:\users\trole\onedrive\documents\github\ai_mercant\ai_mercant\ai_mercant\x64\debug\shop.obj
c:\users\trole\onedrive\documents\github\ai_mercant\ai_mercant\ai_mercant\x64\debug\setting.obj
c:\users\trole\onedrive\documents\github\ai_mercant\ai_mercant\ai_mercant\x64\debug\sequence.obj
c:\users\trole\onedrive\documents\github\ai_mercant\ai_mercant\ai_mercant\x64\debug\selltask.obj
c:\users\trole\onedrive\documents\github\ai_mercant\ai_mercant\ai_mercant\x64\debug\pausetask.obj
c:\users\trole\onedrive\documents\github\ai_mercant\ai_mercant\ai_mercant\x64\debug\node.obj
c:\users\trole\onedrive\documents\github\ai_mercant\ai_mercant\ai_mercant\x64\debug\movetoshop.obj
c:\users\trole\onedrive\documents\github\ai_mercant\ai_mercant\ai_mercant\x64\debug\menustart.obj
c:\users\trole\onedrive\documents\github\ai_mercant\ai_mercant\ai_mercant\x64\debug\menuend.obj
c:\users\trole\onedrive\documents\github\ai_mercant\ai_mercant\ai_mercant\x64\debug\hud.obj
c:\users\trole\onedrive\documents\github\ai_mercant\ai_mercant\ai_mercant\x64\debug\givecashtask.obj
c:\users\trole\onedrive\documents\github\ai_mercant\ai_mercant\ai_mercant\x64\debug\getcashtask.obj
c:\users\trole\onedrive\documents\github\ai_mercant\ai_mercant\ai_mercant\x64\debug\game.obj
c:\users\trole\onedrive\documents\github\ai_mercant\ai_mercant\ai_mercant\x64\debug\flownode.obj
c:\users\trole\onedrive\documents\github\ai_mercant\ai_mercant\ai_mercant\x64\debug\fallback.obj
c:\users\trole\onedrive\documents\github\ai_mercant\ai_mercant\ai_mercant\x64\debug\buytask.obj
c:\users\trole\onedrive\documents\github\ai_mercant\ai_mercant\ai_mercant\x64\debug\buyfurniturestask.obj
c:\users\trole\onedrive\documents\github\ai_mercant\ai_mercant\ai_mercant\x64\debug\button.obj
c:\users\trole\onedrive\documents\github\ai_mercant\ai_mercant\ai_mercant\x64\debug\behaviortree.obj
c:\users\trole\onedrive\documents\github\ai_mercant\ai_mercant\ai_mercant\x64\debug\ai_mercant.obj
c:\users\trole\onedrive\documents\github\ai_mercant\ai_mercant\ai_mercant\x64\debug\training.obj
c:\users\trole\onedrive\documents\github\ai_mercant\ai_mercant\ai_mercant\x64\debug\tasknode.obj
c:\users\trole\onedrive\documents\github\ai_mercant\ai_mercant\ai_mercant\x64\debug\spendcashtask.obj
c:\users\trole\onedrive\documents\github\ai_mercant\ai_mercant\ai_mercant\x64\debug\gameday.obj
c:\users\trole\onedrive\documents\github\ai_mercant\ai_mercant\ai_mercant\x64\debug\ai_mercant.tlog\cl.command.1.tlog
c:\users\trole\onedrive\documents\github\ai_mercant\ai_mercant\ai_mercant\x64\debug\ai_mercant.tlog\cl.read.1.tlog
c:\users\trole\onedrive\documents\github\ai_mercant\ai_mercant\ai_mercant\x64\debug\ai_mercant.tlog\cl.write.1.tlog
